<?xml version="1.0" encoding="UTF-8"?>
<testsuite xmlns:xsi="http://www.w3.org/2001/XMLSchema-instance" xsi:noNamespaceSchemaLocation="https://maven.apache.org/surefire/maven-surefire-plugin/xsd/surefire-test-report-3.0.xsd" version="3.0" name="com.example.TelaLogin.TelaLoginApplicationTests" time="2.117" tests="1" errors="0" skipped="0" failures="0">
  <properties>
[...]
</properties>
  <testcase name="contextLoads" classname="com.example.TelaLogin.TelaLoginApplicationTests" time="0.412">
    <system-out><![CDATA[
  .   ____          _            __ _ _
 /\\ / ___'_ __ _ _(_)_ __  __ _ \ \ \ \
( ( )\___ | '_ | '_| | '_ \/ _` | \ \ \ \
 \\/  ___)| |_)| | | | | || (_| |  ) ) ) )
  '  |____| .__|_| |_|_| |_\__, | / / / /
 =========|_|==============|___/=/_/_/_/

 :: Spring Boot ::                (v3.3.5)

2026-09-22T20:36:09.115-03:00  INFO 63757 --- [TelaLogin] [           main] c.e.TelaLogin.TelaLoginApplicationTests  : Starting TelaLoginApplicationTests using Java 26.0.2 with PID 63757 (started by leonardomartinsmacedo in /Users/leonardomartinsmacedo/Desktop/Springboot/TelaLogin)
2026-09-22T20:36:09.117-03:00  INFO 63757 --- [TelaLogin] [           main] c.e.TelaLogin.TelaLoginApplicationTests  : No active profile set, falling back to 1 default profile: "default"
2026-09-22T20:36:10.146-03:00  INFO 63757 --- [TelaLogin] [           main] r$InitializeUserDetailsManagerConfigurer : Global AuthenticationManager configured with UserDetailsService bean with name userDetailsService
2026-09-22T20:36:10.478-03:00  INFO 63757 --- [TelaLogin] [           main] c.e.TelaLogin.TelaLoginApplicationTests  : Started TelaLoginApplicationTests in 1.511 seconds (process running for 1.984)
]]></system-out>
    <system-err><![CDATA[WARNING: A Java agent has been loaded dynamically (/Users/leonardomartinsmacedo/.m2/repository/net/bytebuddy/byte-buddy-agent/1.14.19/byte-buddy-agent-1.14.19.jar)
WARNING: If a serviceability tool is in use, please run with -XX:+EnableDynamicAgentLoading to hide this warning
WARNING: If a serviceability tool is not in use, please run with -Djdk.instrument.traceUsage for more information
WARNING: Dynamic loading of agents will be disallowed by default in a future release
]]></system-err>
  </testcase>
</testsuite>